  Main.cpp
C:\MY\ВУЗ\3 семестр\Дискретный анализ и основы математической статистики\Discrete-Fourier-Transform\ComplexNumbers.h(5,1): error C2011: Complex: переопределение типа "class"
C:\MY\ВУЗ\3 семестр\Дискретный анализ и основы математической статистики\Discrete-Fourier-Transform\ComplexNumbers.h(4,7): message : см. объявление "Complex"
C:\MY\ВУЗ\3 семестр\Дискретный анализ и основы математической статистики\Discrete-Fourier-Transform\Main.cpp(9,1): warning C4326: возвращаемый тип "main" должен быть "int", а не "void"
  Matrix.cpp
C:\MY\ВУЗ\3 семестр\Дискретный анализ и основы математической статистики\Discrete-Fourier-Transform\ComplexNumbers.h(5,1): error C2011: Complex: переопределение типа "class"
C:\MY\ВУЗ\3 семестр\Дискретный анализ и основы математической статистики\Discrete-Fourier-Transform\ComplexNumbers.h(4,7): message : см. объявление "Complex"
C:\MY\ВУЗ\3 семестр\Дискретный анализ и основы математической статистики\Discrete-Fourier-Transform\Matrix.cpp(11,38): error C2027: использование неопределенного типа "Complex"
C:\MY\ВУЗ\3 семестр\Дискретный анализ и основы математической статистики\Discrete-Fourier-Transform\ComplexNumbers.h(4,7): message : см. объявление "Complex"
C:\MY\ВУЗ\3 семестр\Дискретный анализ и основы математической статистики\Discrete-Fourier-Transform\Matrix.cpp(15,27): error C2027: использование неопределенного типа "Complex"
C:\MY\ВУЗ\3 семестр\Дискретный анализ и основы математической статистики\Discrete-Fourier-Transform\ComplexNumbers.h(4,7): message : см. объявление "Complex"
C:\MY\ВУЗ\3 семестр\Дискретный анализ и основы математической статистики\Discrete-Fourier-Transform\Matrix.cpp(25,38): error C2679: бинарный "+": не найден оператор, принимающий правый операнд типа "Complex" (или приемлемое преобразование отсутствует)
C:\MY\ВУЗ\3 семестр\Дискретный анализ и основы математической статистики\Discrete-Fourier-Transform\ComplexNumbers.h(13,10): message : может быть "Complex Complex::operator +(Complex)"
C:\Program Files\Microsoft Visual Studio\2022\Community\VC\Tools\MSVC\14.35.32215\include\xstring(5183,62): message : или       "std::basic_string<_Elem,_Traits,_Alloc> std::operator +(std::basic_string<_Elem,_Traits,_Alloc> &&,const _Elem)"
C:\MY\ВУЗ\3 семестр\Дискретный анализ и основы математической статистики\Discrete-Fourier-Transform\Matrix.cpp(25,38): message : 'std::basic_string<_Elem,_Traits,_Alloc> std::operator +(std::basic_string<_Elem,_Traits,_Alloc> &&,const _Elem)': не удалось вывести аргумент шаблон для 'std::basic_string<_Elem,_Traits,_Alloc> &&' из 'Complex'
C:\Program Files\Microsoft Visual Studio\2022\Community\VC\Tools\MSVC\14.35.32215\include\xstring(5177,62): message : или       "std::basic_string<_Elem,_Traits,_Alloc> std::operator +(std::basic_string<_Elem,_Traits,_Alloc> &&,const _Elem *const )"
C:\MY\ВУЗ\3 семестр\Дискретный анализ и основы математической статистики\Discrete-Fourier-Transform\Matrix.cpp(25,38): message : 'std::basic_string<_Elem,_Traits,_Alloc> std::operator +(std::basic_string<_Elem,_Traits,_Alloc> &&,const _Elem *const )': не удалось вывести аргумент шаблон для 'std::basic_string<_Elem,_Traits,_Alloc> &&' из 'Complex'
C:\Program Files\Microsoft Visual Studio\2022\Community\VC\Tools\MSVC\14.35.32215\include\xstring(5171,62): message : или       "std::basic_string<_Elem,_Traits,_Alloc> std::operator +(const _Elem,std::basic_string<_Elem,_Traits,_Alloc> &&)"
C:\MY\ВУЗ\3 семестр\Дискретный анализ и основы математической статистики\Discrete-Fourier-Transform\Matrix.cpp(25,38): message : 'std::basic_string<_Elem,_Traits,_Alloc> std::operator +(const _Elem,std::basic_string<_Elem,_Traits,_Alloc> &&)': не удалось вывести аргумент шаблон для 'std::basic_string<_Elem,_Traits,_Alloc> &&' из 'Complex'
C:\Program Files\Microsoft Visual Studio\2022\Community\VC\Tools\MSVC\14.35.32215\include\xstring(5165,62): message : или       "std::basic_string<_Elem,_Traits,_Alloc> std::operator +(const _Elem *const ,std::basic_string<_Elem,_Traits,_Alloc> &&)"
C:\MY\ВУЗ\3 семестр\Дискретный анализ и основы математической статистики\Discrete-Fourier-Transform\Matrix.cpp(25,38): message : 'std::basic_string<_Elem,_Traits,_Alloc> std::operator +(const _Elem *const ,std::basic_string<_Elem,_Traits,_Alloc> &&)': не удалось вывести аргумент шаблон для 'const _Elem *const ' из 'Complex'
C:\Program Files\Microsoft Visual Studio\2022\Community\VC\Tools\MSVC\14.35.32215\include\xstring(5152,62): message : или       "std::basic_string<_Elem,_Traits,_Alloc> std::operator +(std::basic_string<_Elem,_Traits,_Alloc> &&,std::basic_string<_Elem,_Traits,_Alloc> &&)"
C:\MY\ВУЗ\3 семестр\Дискретный анализ и основы математической статистики\Discrete-Fourier-Transform\Matrix.cpp(25,38): message : 'std::basic_string<_Elem,_Traits,_Alloc> std::operator +(std::basic_string<_Elem,_Traits,_Alloc> &&,std::basic_string<_Elem,_Traits,_Alloc> &&)': не удалось вывести аргумент шаблон для 'std::basic_string<_Elem,_Traits,_Alloc> &&' из 'Complex'
C:\Program Files\Microsoft Visual Studio\2022\Community\VC\Tools\MSVC\14.35.32215\include\xstring(5146,62): message : или       "std::basic_string<_Elem,_Traits,_Alloc> std::operator +(std::basic_string<_Elem,_Traits,_Alloc> &&,const std::basic_string<_Elem,_Traits,_Alloc> &)"
C:\MY\ВУЗ\3 семестр\Дискретный анализ и основы математической статистики\Discrete-Fourier-Transform\Matrix.cpp(25,38): message : 'std::basic_string<_Elem,_Traits,_Alloc> std::operator +(std::basic_string<_Elem,_Traits,_Alloc> &&,const std::basic_string<_Elem,_Traits,_Alloc> &)': не удалось вывести аргумент шаблон для 'std::basic_string<_Elem,_Traits,_Alloc> &&' из 'Complex'
C:\Program Files\Microsoft Visual Studio\2022\Community\VC\Tools\MSVC\14.35.32215\include\xstring(5140,62): message : или       "std::basic_string<_Elem,_Traits,_Alloc> std::operator +(const std::basic_string<_Elem,_Traits,_Alloc> &,std::basic_string<_Elem,_Traits,_Alloc> &&)"
C:\MY\ВУЗ\3 семестр\Дискретный анализ и основы математической статистики\Discrete-Fourier-Transform\Matrix.cpp(25,38): message : 'std::basic_string<_Elem,_Traits,_Alloc> std::operator +(const std::basic_string<_Elem,_Traits,_Alloc> &,std::basic_string<_Elem,_Traits,_Alloc> &&)': не удалось вывести аргумент шаблон для 'const std::basic_string<_Elem,_Traits,_Alloc> &' из 'Complex'
C:\Program Files\Microsoft Visual Studio\2022\Community\VC\Tools\MSVC\14.35.32215\include\xstring(5129,62): message : или       "std::basic_string<_Elem,_Traits,_Alloc> std::operator +(const std::basic_string<_Elem,_Traits,_Alloc> &,const _Elem)"
C:\MY\ВУЗ\3 семестр\Дискретный анализ и основы математической статистики\Discrete-Fourier-Transform\Matrix.cpp(25,38): message : 'std::basic_string<_Elem,_Traits,_Alloc> std::operator +(const std::basic_string<_Elem,_Traits,_Alloc> &,const _Elem)': не удалось вывести аргумент шаблон для 'const std::basic_string<_Elem,_Traits,_Alloc> &' из 'Complex'
C:\Program Files\Microsoft Visual Studio\2022\Community\VC\Tools\MSVC\14.35.32215\include\xstring(5116,62): message : или       "std::basic_string<_Elem,_Traits,_Alloc> std::operator +(const std::basic_string<_Elem,_Traits,_Alloc> &,const _Elem *const )"
C:\MY\ВУЗ\3 семестр\Дискретный анализ и основы математической статистики\Discrete-Fourier-Transform\Matrix.cpp(25,38): message : 'std::basic_string<_Elem,_Traits,_Alloc> std::operator +(const std::basic_string<_Elem,_Traits,_Alloc> &,const _Elem *const )': не удалось вывести аргумент шаблон для 'const std::basic_string<_Elem,_Traits,_Alloc> &' из 'Complex'
C:\Program Files\Microsoft Visual Studio\2022\Community\VC\Tools\MSVC\14.35.32215\include\xstring(5105,62): message : или       "std::basic_string<_Elem,_Traits,_Alloc> std::operator +(const _Elem,const std::basic_string<_Elem,_Traits,_Alloc> &)"
C:\MY\ВУЗ\3 семестр\Дискретный анализ и основы математической статистики\Discrete-Fourier-Transform\Matrix.cpp(25,38): message : 'std::basic_string<_Elem,_Traits,_Alloc> std::operator +(const _Elem,const std::basic_string<_Elem,_Traits,_Alloc> &)': не удалось вывести аргумент шаблон для 'const std::basic_string<_Elem,_Traits,_Alloc> &' из 'Complex'
C:\Program Files\Microsoft Visual Studio\2022\Community\VC\Tools\MSVC\14.35.32215\include\xstring(5092,62): message : или       "std::basic_string<_Elem,_Traits,_Alloc> std::operator +(const _Elem *const ,const std::basic_string<_Elem,_Traits,_Alloc> &)"
C:\MY\ВУЗ\3 семестр\Дискретный анализ и основы математической статистики\Discrete-Fourier-Transform\Matrix.cpp(25,38): message : 'std::basic_string<_Elem,_Traits,_Alloc> std::operator +(const _Elem *const ,const std::basic_string<_Elem,_Traits,_Alloc> &)': не удалось вывести аргумент шаблон для 'const _Elem *const ' из 'Complex'
C:\Program Files\Microsoft Visual Studio\2022\Community\VC\Tools\MSVC\14.35.32215\include\xstring(5080,62): message : или       "std::basic_string<_Elem,_Traits,_Alloc> std::operator +(const std::basic_string<_Elem,_Traits,_Alloc> &,const std::basic_string<_Elem,_Traits,_Alloc> &)"
C:\MY\ВУЗ\3 семестр\Дискретный анализ и основы математической статистики\Discrete-Fourier-Transform\Matrix.cpp(25,38): message : 'std::basic_string<_Elem,_Traits,_Alloc> std::operator +(const std::basic_string<_Elem,_Traits,_Alloc> &,const std::basic_string<_Elem,_Traits,_Alloc> &)': не удалось вывести аргумент шаблон для 'const std::basic_string<_Elem,_Traits,_Alloc> &' из 'Complex'
C:\Program Files\Microsoft Visual Studio\2022\Community\VC\Tools\MSVC\14.35.32215\include\xutility(4052,5): message : или       "std::move_iterator<_Iter> std::operator +(move_iterator<_Iter>::difference_type,const std::move_iterator<_Iter> &) noexcept(<expr>)"
C:\MY\ВУЗ\3 семестр\Дискретный анализ и основы математической статистики\Discrete-Fourier-Transform\Matrix.cpp(25,38): message : 'std::move_iterator<_Iter> std::operator +(move_iterator<_Iter>::difference_type,const std::move_iterator<_Iter> &) noexcept(<expr>)': не удалось вывести аргумент шаблон для 'const std::move_iterator<_Iter> &' из 'Complex'
C:\Program Files\Microsoft Visual Studio\2022\Community\VC\Tools\MSVC\14.35.32215\include\xutility(1547,50): message : или       "std::reverse_iterator<_BidIt> std::operator +(reverse_iterator<_BidIt>::difference_type,const std::reverse_iterator<_BidIt> &) noexcept(<expr>)"
C:\MY\ВУЗ\3 семестр\Дискретный анализ и основы математической статистики\Discrete-Fourier-Transform\Matrix.cpp(25,38): message : 'std::reverse_iterator<_BidIt> std::operator +(reverse_iterator<_BidIt>::difference_type,const std::reverse_iterator<_BidIt> &) noexcept(<expr>)': не удалось вывести аргумент шаблон для 'const std::reverse_iterator<_BidIt> &' из 'Complex'
C:\MY\ВУЗ\3 семестр\Дискретный анализ и основы математической статистики\Discrete-Fourier-Transform\Matrix.cpp(25,38): message : при попытке сопоставить список аргументов "(Complex, Complex)"
C:\MY\ВУЗ\3 семестр\Дискретный анализ и основы математической статистики\Discrete-Fourier-Transform\Matrix.cpp(37,38): error C2679: бинарный "-": не найден оператор, принимающий правый операнд типа "Complex" (или приемлемое преобразование отсутствует)
C:\MY\ВУЗ\3 семестр\Дискретный анализ и основы математической статистики\Discrete-Fourier-Transform\ComplexNumbers.h(14,10): message : может быть "Complex Complex::operator -(Complex)"
C:\Program Files\Microsoft Visual Studio\2022\Community\VC\Tools\MSVC\14.35.32215\include\xutility(4044,30): message : или       "unknown-type std::operator -(const std::move_iterator<_Iter> &,const std::move_iterator<_Iter2> &) noexcept(<expr>)"
C:\MY\ВУЗ\3 семестр\Дискретный анализ и основы математической статистики\Discrete-Fourier-Transform\Matrix.cpp(37,38): message : 'unknown-type std::operator -(const std::move_iterator<_Iter> &,const std::move_iterator<_Iter2> &) noexcept(<expr>)': не удалось вывести аргумент шаблон для 'const std::move_iterator<_Iter> &' из 'Complex'
C:\Program Files\Microsoft Visual Studio\2022\Community\VC\Tools\MSVC\14.35.32215\include\xutility(1540,5): message : или       "unknown-type std::operator -(const std::reverse_iterator<_BidIt> &,const std::reverse_iterator<_BidIt2> &) noexcept(<expr>)"
C:\MY\ВУЗ\3 семестр\Дискретный анализ и основы математической статистики\Discrete-Fourier-Transform\Matrix.cpp(37,38): message : 'unknown-type std::operator -(const std::reverse_iterator<_BidIt> &,const std::reverse_iterator<_BidIt2> &) noexcept(<expr>)': не удалось вывести аргумент шаблон для 'const std::reverse_iterator<_BidIt> &' из 'Complex'
C:\MY\ВУЗ\3 семестр\Дискретный анализ и основы математической статистики\Discrete-Fourier-Transform\Matrix.cpp(37,38): message : при попытке сопоставить список аргументов "(Complex, Complex)"
C:\MY\ВУЗ\3 семестр\Дискретный анализ и основы математической статистики\Discrete-Fourier-Transform\Matrix.cpp(49,81): error C2027: использование неопределенного типа "Complex"
C:\MY\ВУЗ\3 семестр\Дискретный анализ и основы математической статистики\Discrete-Fourier-Transform\ComplexNumbers.h(4,7): message : см. объявление "Complex"
C:\MY\ВУЗ\3 семестр\Дискретный анализ и основы математической статистики\Discrete-Fourier-Transform\Matrix.cpp(49,76): error C2027: использование неопределенного типа "Complex"
C:\MY\ВУЗ\3 семестр\Дискретный анализ и основы математической статистики\Discrete-Fourier-Transform\ComplexNumbers.h(4,7): message : см. объявление "Complex"
C:\MY\ВУЗ\3 семестр\Дискретный анализ и основы математической статистики\Discrete-Fourier-Transform\Matrix.cpp(49,5): error C2679: бинарный "=": не найден оператор, принимающий правый операнд типа "Complex" (или приемлемое преобразование отсутствует)
C:\MY\ВУЗ\3 семестр\Дискретный анализ и основы математической статистики\Discrete-Fourier-Transform\ComplexNumbers.h(17,10): message : может быть "Complex Complex::operator =(Complex)"
C:\MY\ВУЗ\3 семестр\Дискретный анализ и основы математической статистики\Discrete-Fourier-Transform\Matrix.cpp(49,5): message : при попытке сопоставить список аргументов "(Complex, Complex)"
C:\MY\ВУЗ\3 семестр\Дискретный анализ и основы математической статистики\Discrete-Fourier-Transform\Matrix.cpp(62,41): error C2027: использование неопределенного типа "Complex"
C:\MY\ВУЗ\3 семестр\Дискретный анализ и основы математической статистики\Discrete-Fourier-Transform\ComplexNumbers.h(4,7): message : см. объявление "Complex"
C:\MY\ВУЗ\3 семестр\Дискретный анализ и основы математической статистики\Discrete-Fourier-Transform\Matrix.cpp(66,41): error C2027: использование неопределенного типа "Complex"
C:\MY\ВУЗ\3 семестр\Дискретный анализ и основы математической статистики\Discrete-Fourier-Transform\ComplexNumbers.h(4,7): message : см. объявление "Complex"
C:\MY\ВУЗ\3 семестр\Дискретный анализ и основы математической статистики\Discrete-Fourier-Transform\Matrix.cpp(91,30): error C2027: использование неопределенного типа "Complex"
C:\MY\ВУЗ\3 семестр\Дискретный анализ и основы математической статистики\Discrete-Fourier-Transform\ComplexNumbers.h(4,7): message : см. объявление "Complex"
C:\MY\ВУЗ\3 семестр\Дискретный анализ и основы математической статистики\Discrete-Fourier-Transform\Matrix.cpp(101,18): error C2027: использование неопределенного типа "Complex"
C:\MY\ВУЗ\3 семестр\Дискретный анализ и основы математической статистики\Discrete-Fourier-Transform\ComplexNumbers.h(4,7): message : см. объявление "Complex"
C:\MY\ВУЗ\3 семестр\Дискретный анализ и основы математической статистики\Discrete-Fourier-Transform\Matrix.cpp(103,52): error C2027: использование неопределенного типа "Complex"
C:\MY\ВУЗ\3 семестр\Дискретный анализ и основы математической статистики\Discrete-Fourier-Transform\ComplexNumbers.h(4,7): message : см. объявление "Complex"
C:\MY\ВУЗ\3 семестр\Дискретный анализ и основы математической статистики\Discrete-Fourier-Transform\Matrix.cpp(104,11): error C2079: "sum" использует не имеющую определения структуру class "Complex"
C:\MY\ВУЗ\3 семестр\Дискретный анализ и основы математической статистики\Discrete-Fourier-Transform\Matrix.cpp(104,24): error C2027: использование неопределенного типа "Complex"
C:\MY\ВУЗ\3 семестр\Дискретный анализ и основы математической статистики\Discrete-Fourier-Transform\ComplexNumbers.h(4,7): message : см. объявление "Complex"
C:\MY\ВУЗ\3 семестр\Дискретный анализ и основы математической статистики\Discrete-Fourier-Transform\Matrix.cpp(107,14): error C2677: бинарный "+": не найден глобальный оператор, принимающий тип "Complex" (или приемлемое преобразование отсутствует)
C:\Program Files\Microsoft Visual Studio\2022\Community\VC\Tools\MSVC\14.35.32215\include\xstring(5183,62): message : может быть "std::basic_string<_Elem,_Traits,_Alloc> std::operator +(std::basic_string<_Elem,_Traits,_Alloc> &&,const _Elem)"
C:\MY\ВУЗ\3 семестр\Дискретный анализ и основы математической статистики\Discrete-Fourier-Transform\Matrix.cpp(107,10): message : 'std::basic_string<_Elem,_Traits,_Alloc> std::operator +(std::basic_string<_Elem,_Traits,_Alloc> &&,const _Elem)': не удалось вывести аргумент шаблон для 'std::basic_string<_Elem,_Traits,_Alloc> &&' из 'int'
C:\Program Files\Microsoft Visual Studio\2022\Community\VC\Tools\MSVC\14.35.32215\include\xstring(5177,62): message : или       "std::basic_string<_Elem,_Traits,_Alloc> std::operator +(std::basic_string<_Elem,_Traits,_Alloc> &&,const _Elem *const )"
C:\MY\ВУЗ\3 семестр\Дискретный анализ и основы математической статистики\Discrete-Fourier-Transform\Matrix.cpp(107,10): message : 'std::basic_string<_Elem,_Traits,_Alloc> std::operator +(std::basic_string<_Elem,_Traits,_Alloc> &&,const _Elem *const )': не удалось вывести аргумент шаблон для 'std::basic_string<_Elem,_Traits,_Alloc> &&' из 'int'
C:\Program Files\Microsoft Visual Studio\2022\Community\VC\Tools\MSVC\14.35.32215\include\xstring(5171,62): message : или       "std::basic_string<_Elem,_Traits,_Alloc> std::operator +(const _Elem,std::basic_string<_Elem,_Traits,_Alloc> &&)"
C:\MY\ВУЗ\3 семестр\Дискретный анализ и основы математической статистики\Discrete-Fourier-Transform\Matrix.cpp(107,10): message : 'std::basic_string<_Elem,_Traits,_Alloc> std::operator +(const _Elem,std::basic_string<_Elem,_Traits,_Alloc> &&)': не удалось вывести аргумент шаблон для 'std::basic_string<_Elem,_Traits,_Alloc> &&' из 'Complex'
C:\Program Files\Microsoft Visual Studio\2022\Community\VC\Tools\MSVC\14.35.32215\include\xstring(5165,62): message : или       "std::basic_string<_Elem,_Traits,_Alloc> std::operator +(const _Elem *const ,std::basic_string<_Elem,_Traits,_Alloc> &&)"
C:\MY\ВУЗ\3 семестр\Дискретный анализ и основы математической статистики\Discrete-Fourier-Transform\Matrix.cpp(107,10): message : 'std::basic_string<_Elem,_Traits,_Alloc> std::operator +(const _Elem *const ,std::basic_string<_Elem,_Traits,_Alloc> &&)': не удалось вывести аргумент шаблон для 'const _Elem *const ' из 'int'
C:\Program Files\Microsoft Visual Studio\2022\Community\VC\Tools\MSVC\14.35.32215\include\xstring(5152,62): message : или       "std::basic_string<_Elem,_Traits,_Alloc> std::operator +(std::basic_string<_Elem,_Traits,_Alloc> &&,std::basic_string<_Elem,_Traits,_Alloc> &&)"
C:\MY\ВУЗ\3 семестр\Дискретный анализ и основы математической статистики\Discrete-Fourier-Transform\Matrix.cpp(107,10): message : 'std::basic_string<_Elem,_Traits,_Alloc> std::operator +(std::basic_string<_Elem,_Traits,_Alloc> &&,std::basic_string<_Elem,_Traits,_Alloc> &&)': не удалось вывести аргумент шаблон для 'std::basic_string<_Elem,_Traits,_Alloc> &&' из 'int'
C:\Program Files\Microsoft Visual Studio\2022\Community\VC\Tools\MSVC\14.35.32215\include\xstring(5146,62): message : или       "std::basic_string<_Elem,_Traits,_Alloc> std::operator +(std::basic_string<_Elem,_Traits,_Alloc> &&,const std::basic_string<_Elem,_Traits,_Alloc> &)"
C:\MY\ВУЗ\3 семестр\Дискретный анализ и основы математической статистики\Discrete-Fourier-Transform\Matrix.cpp(107,10): message : 'std::basic_string<_Elem,_Traits,_Alloc> std::operator +(std::basic_string<_Elem,_Traits,_Alloc> &&,const std::basic_string<_Elem,_Traits,_Alloc> &)': не удалось вывести аргумент шаблон для 'std::basic_string<_Elem,_Traits,_Alloc> &&' из 'int'
C:\Program Files\Microsoft Visual Studio\2022\Community\VC\Tools\MSVC\14.35.32215\include\xstring(5140,62): message : или       "std::basic_string<_Elem,_Traits,_Alloc> std::operator +(const std::basic_string<_Elem,_Traits,_Alloc> &,std::basic_string<_Elem,_Traits,_Alloc> &&)"
C:\MY\ВУЗ\3 семестр\Дискретный анализ и основы математической статистики\Discrete-Fourier-Transform\Matrix.cpp(107,10): message : 'std::basic_string<_Elem,_Traits,_Alloc> std::operator +(const std::basic_string<_Elem,_Traits,_Alloc> &,std::basic_string<_Elem,_Traits,_Alloc> &&)': не удалось вывести аргумент шаблон для 'const std::basic_string<_Elem,_Traits,_Alloc> &' из 'int'
C:\Program Files\Microsoft Visual Studio\2022\Community\VC\Tools\MSVC\14.35.32215\include\xstring(5129,62): message : или       "std::basic_string<_Elem,_Traits,_Alloc> std::operator +(const std::basic_string<_Elem,_Traits,_Alloc> &,const _Elem)"
C:\MY\ВУЗ\3 семестр\Дискретный анализ и основы математической статистики\Discrete-Fourier-Transform\Matrix.cpp(107,10): message : 'std::basic_string<_Elem,_Traits,_Alloc> std::operator +(const std::basic_string<_Elem,_Traits,_Alloc> &,const _Elem)': не удалось вывести аргумент шаблон для 'const std::basic_string<_Elem,_Traits,_Alloc> &' из 'int'
C:\Program Files\Microsoft Visual Studio\2022\Community\VC\Tools\MSVC\14.35.32215\include\xstring(5116,62): message : или       "std::basic_string<_Elem,_Traits,_Alloc> std::operator +(const std::basic_string<_Elem,_Traits,_Alloc> &,const _Elem *const )"
C:\MY\ВУЗ\3 семестр\Дискретный анализ и основы математической статистики\Discrete-Fourier-Transform\Matrix.cpp(107,10): message : 'std::basic_string<_Elem,_Traits,_Alloc> std::operator +(const std::basic_string<_Elem,_Traits,_Alloc> &,const _Elem *const )': не удалось вывести аргумент шаблон для 'const std::basic_string<_Elem,_Traits,_Alloc> &' из 'int'
C:\Program Files\Microsoft Visual Studio\2022\Community\VC\Tools\MSVC\14.35.32215\include\xstring(5105,62): message : или       "std::basic_string<_Elem,_Traits,_Alloc> std::operator +(const _Elem,const std::basic_string<_Elem,_Traits,_Alloc> &)"
C:\MY\ВУЗ\3 семестр\Дискретный анализ и основы математической статистики\Discrete-Fourier-Transform\Matrix.cpp(107,10): message : 'std::basic_string<_Elem,_Traits,_Alloc> std::operator +(const _Elem,const std::basic_string<_Elem,_Traits,_Alloc> &)': не удалось вывести аргумент шаблон для 'const std::basic_string<_Elem,_Traits,_Alloc> &' из 'Complex'
C:\Program Files\Microsoft Visual Studio\2022\Community\VC\Tools\MSVC\14.35.32215\include\xstring(5092,62): message : или       "std::basic_string<_Elem,_Traits,_Alloc> std::operator +(const _Elem *const ,const std::basic_string<_Elem,_Traits,_Alloc> &)"
C:\MY\ВУЗ\3 семестр\Дискретный анализ и основы математической статистики\Discrete-Fourier-Transform\Matrix.cpp(107,10): message : 'std::basic_string<_Elem,_Traits,_Alloc> std::operator +(const _Elem *const ,const std::basic_string<_Elem,_Traits,_Alloc> &)': не удалось вывести аргумент шаблон для 'const _Elem *const ' из 'int'
C:\Program Files\Microsoft Visual Studio\2022\Community\VC\Tools\MSVC\14.35.32215\include\xstring(5080,62): message : или       "std::basic_string<_Elem,_Traits,_Alloc> std::operator +(const std::basic_string<_Elem,_Traits,_Alloc> &,const std::basic_string<_Elem,_Traits,_Alloc> &)"
C:\MY\ВУЗ\3 семестр\Дискретный анализ и основы математической статистики\Discrete-Fourier-Transform\Matrix.cpp(107,10): message : 'std::basic_string<_Elem,_Traits,_Alloc> std::operator +(const std::basic_string<_Elem,_Traits,_Alloc> &,const std::basic_string<_Elem,_Traits,_Alloc> &)': не удалось вывести аргумент шаблон для 'const std::basic_string<_Elem,_Traits,_Alloc> &' из 'int'
C:\Program Files\Microsoft Visual Studio\2022\Community\VC\Tools\MSVC\14.35.32215\include\xutility(4052,5): message : или       "std::move_iterator<_Iter> std::operator +(move_iterator<_Iter>::difference_type,const std::move_iterator<_Iter> &) noexcept(<expr>)"
C:\MY\ВУЗ\3 семестр\Дискретный анализ и основы математической статистики\Discrete-Fourier-Transform\Matrix.cpp(107,10): message : 'std::move_iterator<_Iter> std::operator +(move_iterator<_Iter>::difference_type,const std::move_iterator<_Iter> &) noexcept(<expr>)': не удалось вывести аргумент шаблон для 'const std::move_iterator<_Iter> &' из 'Complex'
C:\Program Files\Microsoft Visual Studio\2022\Community\VC\Tools\MSVC\14.35.32215\include\xutility(1547,50): message : или       "std::reverse_iterator<_BidIt> std::operator +(reverse_iterator<_BidIt>::difference_type,const std::reverse_iterator<_BidIt> &) noexcept(<expr>)"
C:\MY\ВУЗ\3 семестр\Дискретный анализ и основы математической статистики\Discrete-Fourier-Transform\Matrix.cpp(107,10): message : 'std::reverse_iterator<_BidIt> std::operator +(reverse_iterator<_BidIt>::difference_type,const std::reverse_iterator<_BidIt> &) noexcept(<expr>)': не удалось вывести аргумент шаблон для 'const std::reverse_iterator<_BidIt> &' из 'Complex'
C:\MY\ВУЗ\3 семестр\Дискретный анализ и основы математической статистики\Discrete-Fourier-Transform\Matrix.cpp(111,18): error C2027: использование неопределенного типа "Complex"
C:\MY\ВУЗ\3 семестр\Дискретный анализ и основы математической статистики\Discrete-Fourier-Transform\ComplexNumbers.h(4,7): message : см. объявление "Complex"
C:\MY\ВУЗ\3 семестр\Дискретный анализ и основы математической статистики\Discrete-Fourier-Transform\Matrix.cpp(113,52): error C2027: использование неопределенного типа "Complex"
C:\MY\ВУЗ\3 семестр\Дискретный анализ и основы математической статистики\Discrete-Fourier-Transform\ComplexNumbers.h(4,7): message : см. объявление "Complex"
C:\MY\ВУЗ\3 семестр\Дискретный анализ и основы математической статистики\Discrete-Fourier-Transform\Matrix.cpp(114,11): error C2079: "sum" использует не имеющую определения структуру class "Complex"
C:\MY\ВУЗ\3 семестр\Дискретный анализ и основы математической статистики\Discrete-Fourier-Transform\Matrix.cpp(114,24): error C2027: использование неопределенного типа "Complex"
C:\MY\ВУЗ\3 семестр\Дискретный анализ и основы математической статистики\Discrete-Fourier-Transform\ComplexNumbers.h(4,7): message : см. объявление "Complex"
C:\MY\ВУЗ\3 семестр\Дискретный анализ и основы математической статистики\Discrete-Fourier-Transform\Matrix.cpp(117,14): error C2677: бинарный "+": не найден глобальный оператор, принимающий тип "Complex" (или приемлемое преобразование отсутствует)
C:\Program Files\Microsoft Visual Studio\2022\Community\VC\Tools\MSVC\14.35.32215\include\xstring(5183,62): message : может быть "std::basic_string<_Elem,_Traits,_Alloc> std::operator +(std::basic_string<_Elem,_Traits,_Alloc> &&,const _Elem)"
C:\MY\ВУЗ\3 семестр\Дискретный анализ и основы математической статистики\Discrete-Fourier-Transform\Matrix.cpp(117,10): message : 'std::basic_string<_Elem,_Traits,_Alloc> std::operator +(std::basic_string<_Elem,_Traits,_Alloc> &&,const _Elem)': не удалось вывести аргумент шаблон для 'std::basic_string<_Elem,_Traits,_Alloc> &&' из 'int'
C:\Program Files\Microsoft Visual Studio\2022\Community\VC\Tools\MSVC\14.35.32215\include\xstring(5177,62): message : или       "std::basic_string<_Elem,_Traits,_Alloc> std::operator +(std::basic_string<_Elem,_Traits,_Alloc> &&,const _Elem *const )"
C:\MY\ВУЗ\3 семестр\Дискретный анализ и основы математической статистики\Discrete-Fourier-Transform\Matrix.cpp(117,10): message : 'std::basic_string<_Elem,_Traits,_Alloc> std::operator +(std::basic_string<_Elem,_Traits,_Alloc> &&,const _Elem *const )': не удалось вывести аргумент шаблон для 'std::basic_string<_Elem,_Traits,_Alloc> &&' из 'int'
C:\Program Files\Microsoft Visual Studio\2022\Community\VC\Tools\MSVC\14.35.32215\include\xstring(5171,62): message : или       "std::basic_string<_Elem,_Traits,_Alloc> std::operator +(const _Elem,std::basic_string<_Elem,_Traits,_Alloc> &&)"
C:\MY\ВУЗ\3 семестр\Дискретный анализ и основы математической статистики\Discrete-Fourier-Transform\Matrix.cpp(117,10): message : 'std::basic_string<_Elem,_Traits,_Alloc> std::operator +(const _Elem,std::basic_string<_Elem,_Traits,_Alloc> &&)': не удалось вывести аргумент шаблон для 'std::basic_string<_Elem,_Traits,_Alloc> &&' из 'Complex'
C:\Program Files\Microsoft Visual Studio\2022\Community\VC\Tools\MSVC\14.35.32215\include\xstring(5165,62): message : или       "std::basic_string<_Elem,_Traits,_Alloc> std::operator +(const _Elem *const ,std::basic_string<_Elem,_Traits,_Alloc> &&)"
C:\MY\ВУЗ\3 семестр\Дискретный анализ и основы математической статистики\Discrete-Fourier-Transform\Matrix.cpp(117,10): message : 'std::basic_string<_Elem,_Traits,_Alloc> std::operator +(const _Elem *const ,std::basic_string<_Elem,_Traits,_Alloc> &&)': не удалось вывести аргумент шаблон для 'const _Elem *const ' из 'int'
C:\Program Files\Microsoft Visual Studio\2022\Community\VC\Tools\MSVC\14.35.32215\include\xstring(5152,62): message : или       "std::basic_string<_Elem,_Traits,_Alloc> std::operator +(std::basic_string<_Elem,_Traits,_Alloc> &&,std::basic_string<_Elem,_Traits,_Alloc> &&)"
C:\MY\ВУЗ\3 семестр\Дискретный анализ и основы математической статистики\Discrete-Fourier-Transform\Matrix.cpp(117,10): message : 'std::basic_string<_Elem,_Traits,_Alloc> std::operator +(std::basic_string<_Elem,_Traits,_Alloc> &&,std::basic_string<_Elem,_Traits,_Alloc> &&)': не удалось вывести аргумент шаблон для 'std::basic_string<_Elem,_Traits,_Alloc> &&' из 'int'
C:\Program Files\Microsoft Visual Studio\2022\Community\VC\Tools\MSVC\14.35.32215\include\xstring(5146,62): message : или       "std::basic_string<_Elem,_Traits,_Alloc> std::operator +(std::basic_string<_Elem,_Traits,_Alloc> &&,const std::basic_string<_Elem,_Traits,_Alloc> &)"
C:\MY\ВУЗ\3 семестр\Дискретный анализ и основы математической статистики\Discrete-Fourier-Transform\Matrix.cpp(117,10): message : 'std::basic_string<_Elem,_Traits,_Alloc> std::operator +(std::basic_string<_Elem,_Traits,_Alloc> &&,const std::basic_string<_Elem,_Traits,_Alloc> &)': не удалось вывести аргумент шаблон для 'std::basic_string<_Elem,_Traits,_Alloc> &&' из 'int'
C:\Program Files\Microsoft Visual Studio\2022\Community\VC\Tools\MSVC\14.35.32215\include\xstring(5140,62): message : или       "std::basic_string<_Elem,_Traits,_Alloc> std::operator +(const std::basic_string<_Elem,_Traits,_Alloc> &,std::basic_string<_Elem,_Traits,_Alloc> &&)"
C:\MY\ВУЗ\3 семестр\Дискретный анализ и основы математической статистики\Discrete-Fourier-Transform\Matrix.cpp(117,10): message : 'std::basic_string<_Elem,_Traits,_Alloc> std::operator +(const std::basic_string<_Elem,_Traits,_Alloc> &,std::basic_string<_Elem,_Traits,_Alloc> &&)': не удалось вывести аргумент шаблон для 'const std::basic_string<_Elem,_Traits,_Alloc> &' из 'int'
C:\Program Files\Microsoft Visual Studio\2022\Community\VC\Tools\MSVC\14.35.32215\include\xstring(5129,62): message : или       "std::basic_string<_Elem,_Traits,_Alloc> std::operator +(const std::basic_string<_Elem,_Traits,_Alloc> &,const _Elem)"
C:\MY\ВУЗ\3 семестр\Дискретный анализ и основы математической статистики\Discrete-Fourier-Transform\Matrix.cpp(117,10): message : 'std::basic_string<_Elem,_Traits,_Alloc> std::operator +(const std::basic_string<_Elem,_Traits,_Alloc> &,const _Elem)': не удалось вывести аргумент шаблон для 'const std::basic_string<_Elem,_Traits,_Alloc> &' из 'int'
C:\Program Files\Microsoft Visual Studio\2022\Community\VC\Tools\MSVC\14.35.32215\include\xstring(5116,62): message : или       "std::basic_string<_Elem,_Traits,_Alloc> std::operator +(const std::basic_string<_Elem,_Traits,_Alloc> &,const _Elem *const )"
C:\MY\ВУЗ\3 семестр\Дискретный анализ и основы математической статистики\Discrete-Fourier-Transform\Matrix.cpp(117,10): message : 'std::basic_string<_Elem,_Traits,_Alloc> std::operator +(const std::basic_string<_Elem,_Traits,_Alloc> &,const _Elem *const )': не удалось вывести аргумент шаблон для 'const std::basic_string<_Elem,_Traits,_Alloc> &' из 'int'
C:\Program Files\Microsoft Visual Studio\2022\Community\VC\Tools\MSVC\14.35.32215\include\xstring(5105,62): message : или       "std::basic_string<_Elem,_Traits,_Alloc> std::operator +(const _Elem,const std::basic_string<_Elem,_Traits,_Alloc> &)"
C:\MY\ВУЗ\3 семестр\Дискретный анализ и основы математической статистики\Discrete-Fourier-Transform\Matrix.cpp(117,10): message : 'std::basic_string<_Elem,_Traits,_Alloc> std::operator +(const _Elem,const std::basic_string<_Elem,_Traits,_Alloc> &)': не удалось вывести аргумент шаблон для 'const std::basic_string<_Elem,_Traits,_Alloc> &' из 'Complex'
C:\Program Files\Microsoft Visual Studio\2022\Community\VC\Tools\MSVC\14.35.32215\include\xstring(5092,62): message : или       "std::basic_string<_Elem,_Traits,_Alloc> std::operator +(const _Elem *const ,const std::basic_string<_Elem,_Traits,_Alloc> &)"
C:\MY\ВУЗ\3 семестр\Дискретный анализ и основы математической статистики\Discrete-Fourier-Transform\Matrix.cpp(117,10): message : 'std::basic_string<_Elem,_Traits,_Alloc> std::operator +(const _Elem *const ,const std::basic_string<_Elem,_Traits,_Alloc> &)': не удалось вывести аргумент шаблон для 'const _Elem *const ' из 'int'
C:\Program Files\Microsoft Visual Studio\2022\Community\VC\Tools\MSVC\14.35.32215\include\xstring(5080,62): message : или       "std::basic_string<_Elem,_Traits,_Alloc> std::operator +(const std::basic_string<_Elem,_Traits,_Alloc> &,const std::basic_string<_Elem,_Traits,_Alloc> &)"
C:\MY\ВУЗ\3 семестр\Дискретный анализ и основы математической статистики\Discrete-Fourier-Transform\Matrix.cpp(117,10): message : 'std::basic_string<_Elem,_Traits,_Alloc> std::operator +(const std::basic_string<_Elem,_Traits,_Alloc> &,const std::basic_string<_Elem,_Traits,_Alloc> &)': не удалось вывести аргумент шаблон для 'const std::basic_string<_Elem,_Traits,_Alloc> &' из 'int'
C:\Program Files\Microsoft Visual Studio\2022\Community\VC\Tools\MSVC\14.35.32215\include\xutility(4052,5): message : или       "std::move_iterator<_Iter> std::operator +(move_iterator<_Iter>::difference_type,const std::move_iterator<_Iter> &) noexcept(<expr>)"
C:\MY\ВУЗ\3 семестр\Дискретный анализ и основы математической статистики\Discrete-Fourier-Transform\Matrix.cpp(117,10): message : 'std::move_iterator<_Iter> std::operator +(move_iterator<_Iter>::difference_type,const std::move_iterator<_Iter> &) noexcept(<expr>)': не удалось вывести аргумент шаблон для 'const std::move_iterator<_Iter> &' из 'Complex'
C:\Program Files\Microsoft Visual Studio\2022\Community\VC\Tools\MSVC\14.35.32215\include\xutility(1547,50): message : или       "std::reverse_iterator<_BidIt> std::operator +(reverse_iterator<_BidIt>::difference_type,const std::reverse_iterator<_BidIt> &) noexcept(<expr>)"
C:\MY\ВУЗ\3 семестр\Дискретный анализ и основы математической статистики\Discrete-Fourier-Transform\Matrix.cpp(117,10): message : 'std::reverse_iterator<_BidIt> std::operator +(reverse_iterator<_BidIt>::difference_type,const std::reverse_iterator<_BidIt> &) noexcept(<expr>)': не удалось вывести аргумент шаблон для 'const std::reverse_iterator<_BidIt> &' из 'Complex'
C:\MY\ВУЗ\3 семестр\Дискретный анализ и основы математической статистики\Discrete-Fourier-Transform\Matrix.cpp(129,30): error C2027: использование неопределенного типа "Complex"
C:\MY\ВУЗ\3 семестр\Дискретный анализ и основы математической статистики\Discrete-Fourier-Transform\ComplexNumbers.h(4,7): message : см. объявление "Complex"
  Создание кода...
